http://www.szse.cn/api/report/index/overview/onepersistenthour/szse
耗时:0 秒
http://www.sse.com.cn
耗时:0 秒
https://m.cmbchina.com/api/rate/getfxratedetail/?name=%E7%BE%8E%E5%85%83
耗时:0 秒
https://ycharts.com/indicators/sp_500_pe_ratio
耗时:2 秒
https://sc.macromicro.me/collections/9/us-market-relative
耗时:3 秒
https://www.hkex.com.hk/eng/csm/ws/Highlightsearch.asmx/GetData?LangCode=en&TDD=8&TMM=7&TYYYY=2021
耗时:76 秒
******************** 数据获取时间： Thu 08 Jul 2021 12:22:46 AM CST ********************
抓取耗时:76 秒
计算耗时:5 秒
******************** 数据获取时间： Thu 08 Jul 2021 12:22:46 AM CST ********************
http://www.szse.cn/api/report/index/overview/onepersistenthour/szse
耗时:0 秒
http://www.sse.com.cn
耗时:0 秒
https://m.cmbchina.com/api/rate/getfxratedetail/?name=%E7%BE%8E%E5%85%83
耗时:0 秒
https://www.hkex.com.hk/eng/csm/ws/Highlightsearch.asmx/GetData?LangCode=en&TDD=8&TMM=7&TYYYY=2021
耗时:1 秒
https://ycharts.com/indicators/sp_500_pe_ratio
耗时:2 秒
https://sc.macromicro.me/collections/9/us-market-relative
耗时:113 秒
******************** 数据获取时间： Thu 08 Jul 2021 01:44:30 AM CST ********************
抓取耗时:113 秒
解析计算耗时:9 秒
******************** 数据获取时间： Thu 08 Jul 2021 01:44:30 AM CST ********************
http://www.szse.cn/api/report/index/overview/onepersistenthour/szse
耗时:0 秒
http://www.sse.com.cn
耗时:0 秒
https://m.cmbchina.com/api/rate/getfxratedetail/?name=%E7%BE%8E%E5%85%83
耗时:0 秒
https://www.hkex.com.hk/eng/csm/ws/Highlightsearch.asmx/GetData?LangCode=en&TDD=8&TMM=7&TYYYY=2021
耗时:0 秒
https://ycharts.com/indicators/sp_500_pe_ratio
耗时:1 秒
https://sc.macromicro.me/collections/9/us-market-relative
耗时:3 秒
******************** 数据获取时间： Thu 08 Jul 2021 01:46:40 AM CST ********************
抓取耗时:3 秒
解析计算耗时:5 秒
******************** 数据获取时间： Thu 08 Jul 2021 01:46:40 AM CST ********************
http://www.szse.cn/api/report/index/overview/onepersistenthour/szse
耗时:0 秒
http://www.sse.com.cn
耗时:0 秒
https://m.cmbchina.com/api/rate/getfxratedetail/?name=%E7%BE%8E%E5%85%83
耗时:0 秒
https://www.hkex.com.hk/eng/csm/ws/Highlightsearch.asmx/GetData?LangCode=en&TDD=8&TMM=7&TYYYY=2021
耗时:1 秒
https://ycharts.com/indicators/sp_500_pe_ratio
耗时:2 秒
https://sc.macromicro.me/collections/9/us-market-relative
耗时:2 秒
******************** 数据获取时间： Thu 08 Jul 2021 01:48:59 AM CST ********************
抓取耗时:2 秒
解析计算耗时:5 秒
******************** 数据获取时间： Thu 08 Jul 2021 01:48:59 AM CST ********************
http://www.szse.cn/api/report/index/overview/onepersistenthour/szse
耗时:0 秒
http://www.sse.com.cn
耗时:0 秒
https://m.cmbchina.com/api/rate/getfxratedetail/?name=%E7%BE%8E%E5%85%83
耗时:0 秒
https://ycharts.com/indicators/sp_500_pe_ratio
耗时:2 秒
https://sc.macromicro.me/collections/9/us-market-relative
耗时:2 秒
https://www.hkex.com.hk/eng/csm/ws/Highlightsearch.asmx/GetData?LangCode=en&TDD=8&TMM=7&TYYYY=2021
耗时:2 秒
******************** 数据获取时间： Thu 08 Jul 2021 02:31:28 AM CST ********************
抓取耗时:2 秒
解析计算耗时:8 秒
******************** 数据获取时间： Thu 08 Jul 2021 02:31:28 AM CST ********************
http://www.sse.com.cn
耗时:0 秒
http://www.szse.cn/api/report/index/overview/onepersistenthour/szse
耗时:0 秒
https://m.cmbchina.com/api/rate/getfxratedetail/?name=%E7%BE%8E%E5%85%83
耗时:0 秒
https://ycharts.com/indicators/sp_500_pe_ratio
耗时:1 秒
https://www.hkex.com.hk/eng/csm/ws/Highlightsearch.asmx/GetData?LangCode=en&TDD=8&TMM=7&TYYYY=2021
耗时:2 秒
https://sc.macromicro.me/collections/9/us-market-relative
耗时:3 秒
******************** 数据获取时间： Thu 08 Jul 2021 02:31:48 AM CST ********************
抓取耗时:3 秒
解析计算耗时:5 秒
******************** 数据获取时间： Thu 08 Jul 2021 02:31:48 AM CST ********************
http://www.szse.cn/api/report/index/overview/onepersistenthour/szse
耗时:0 秒
http://www.sse.com.cn
耗时:0 秒
https://m.cmbchina.com/api/rate/getfxratedetail/?name=%E7%BE%8E%E5%85%83
耗时:0 秒
https://ycharts.com/indicators/sp_500_pe_ratio
耗时:1 秒
https://sc.macromicro.me/collections/9/us-market-relative
耗时:2 秒
https://www.hkex.com.hk/eng/csm/ws/Highlightsearch.asmx/GetData?LangCode=en&TDD=8&TMM=7&TYYYY=2021
耗时:2 秒
******************** 数据获取时间： Thu 08 Jul 2021 02:32:03 AM CST ********************
抓取耗时:2 秒
解析计算耗时:5 秒
******************** 数据获取时间： Thu 08 Jul 2021 02:32:03 AM CST ********************
http://www.szse.cn/api/report/index/overview/onepersistenthour/szse
耗时:0 秒
http://www.sse.com.cn
耗时:0 秒
https://m.cmbchina.com/api/rat/getfxratedetail/?name=%E7%BE%8E%E5%85%83
耗时:0 秒
https://ycharts.com/indicators/sp_500_pe_ratio
耗时:1 秒
https://sc.macromicro.me/collections/9/us-market-relative
耗时:2 秒
https://www.hkex.com.hk/eng/csm/ws/Highlightsearch.asmx/GetData?LangCode=en&TDD=8&TMM=7&TYYYY=2021
耗时:2 秒
******************** 数据获取时间： Thu 08 Jul 2021 02:35:44 AM CST ********************
抓取耗时:2 秒
解析计算耗时:5 秒
******************** 数据获取时间： Thu 08 Jul 2021 02:35:44 AM CST ********************
http://www.szse.cn/api/report/index/overview/onepersistenthour/szse
耗时:0 秒
http://www.sse.com.cn
耗时:0 秒
https://m.cmbchina.com/api/rate/getfxratedetail/?name=%E7%BE%8E%E5%85%83
耗时:0 秒
https://ycharts.com/indicators/sp_500_pe_ratio
耗时:2 秒
https://www.hkex.com.hk/eng/csm/ws/Highlightsearch.asmx/GetData?LangCode=en&TDD=8&TMM=7&TYYYY=2021
耗时:2 秒
https://sc.macromicro.me/collections/9/us-market-relative
耗时:2 秒
******************** 数据获取时间： Thu 08 Jul 2021 02:38:27 AM CST ********************
抓取耗时:2 秒
解析计算耗时:6 秒
******************** 数据获取时间： Thu 08 Jul 2021 02:38:27 AM CST ********************
http://www.szse.cn/api/report/index/overview/onepersistenthour/szse
耗时:0 秒
http://www.sse.com.cn
耗时:0 秒
https://m.cmbchina.com/api/rate/getfxratedetail/?name=%E7%BE%8E%E5%85%83
耗时:0 秒
https://ycharts.com/indicators/sp_500_pe_ratio
耗时:1 秒
https://sc.macromicro.me/collections/9/us-market-relative
耗时:1 秒
https://www.hkex.com.hk/eng/csm/ws/Highlightsearch.smx/GetData?LangCode=en&TDD=8&TMM=7&TYYYY=2021
耗时:2 秒
******************** 数据获取时间： Thu 08 Jul 2021 02:39:46 AM CST ********************
抓取耗时:2 秒
解析计算耗时:6 秒
******************** 数据获取时间： Thu 08 Jul 2021 02:39:46 AM CST ********************
http://www.szse.cn/api/report/index/overview/onepersistenthour/szse
耗时:0 秒
http://www.sse.com.cn
耗时:0 秒
https://m.cmbchina.com/api/rate/getfxratedetail/?name=%E7%BE%8E%E5%85%83
耗时:0 秒
https://www.hkex.com.hk/eng/csm/ws/Highlightsearch.smx/GetData?LangCode=en&TDD=8&TMM=7&TYYYY=2021
耗时:0 秒
https://ycharts.com/indicators/sp_500_pe_ratio
耗时:2 秒
https://sc.macromicro.me/collections/9/us-market-relative
耗时:2 秒
******************** 数据获取时间： Thu 08 Jul 2021 02:44:55 AM CST ********************
抓取耗时:2 秒
解析计算耗时:5 秒
******************** 数据获取时间： Thu 08 Jul 2021 02:44:55 AM CST ********************
http://www.szse.cn/api/report/index/overview/onepersistenthour/szse
耗时:0 秒
http://www.sse.com.cn
耗时:0 秒
https://m.cmbchina.com/api/rate/getfxratedetail/?name=%E7%BE%8E%E5%85%83
耗时:1 秒
https://www.hkex.com.hk/eng/csm/ws/Highlightsearch.smx/GetData?LangCode=en&TDD=8&TMM=7&TYYYY=2021
耗时:1 秒
https://ycharts.com/indicators/sp_500_pe_ratio
耗时:2 秒
https://sc.macromicro.me/collections/9/us-market-relative
耗时:2 秒
******************** 数据获取时间： Thu 08 Jul 2021 02:49:40 AM CST ********************
抓取耗时:2 秒
解析计算耗时:7 秒
******************** 数据获取时间： Thu 08 Jul 2021 02:49:40 AM CST ********************
http://www.szse.cn/api/report/index/overview/onepersistenthour/szse
耗时:0 秒
http://www.sse.com.cn
耗时:0 秒
https://m.cmbchina.com/api/rate/getfxratedetail/?name=%E7%BE%8E%E5%85%83
耗时:0 秒
https://www.hkex.com.hk/eng/csm/ws/Highlightsearch.asmx/GetData?LangCode=en&TDD=8&TMM=7&TYYYY=2021
耗时:0 秒
https://ycharts.com/indicators/sp_500_pe_ratio
耗时:2 秒
https://sc.macromicro.me/collections/9/us-market-relative
耗时:2 秒
******************** 数据获取时间： Thu 08 Jul 2021 02:54:12 AM CST ********************
抓取耗时:2 秒
解析计算耗时:5 秒
******************** 数据获取时间： Thu 08 Jul 2021 02:54:12 AM CST ********************
http://www.sse.com.cn
耗时:0 秒
http://www.szse.cn/api/report/index/overview/onepersistenthour/szse
耗时:0 秒
https://m.cmbchina.com/api/rate/getfxratedetail/?name=%E7%BE%8E%E5%85%83
耗时:0 秒
https://www.hkex.com.hk/eng/csm/ws/Highlightsearch.asmx/GetData?LangCode=en&TDD=8&TMM=7&TYYYY=2021
耗时:0 秒
https://ycharts.com/indicators/sp_500_pe_ratio
耗时:1 秒
https://sc.macromicro.me/collections/9/us-market-relative
耗时:2 秒
******************** 数据获取时间： Thu 08 Jul 2021 02:59:20 AM CST ********************
抓取耗时:2 秒
解析计算耗时:5 秒
******************** 数据获取时间： Thu 08 Jul 2021 02:59:20 AM CST ********************
http://www.szse.cn/api/report/index/overview/onepersistenthour/szse
耗时:1 秒
http://www.sse.com.cn
耗时:1 秒
https://m.cmbchina.com/api/rate/getfxratedetail/?name=%E7%BE%8E%E5%85%83
耗时:1 秒
https://www.hkex.com.hk/eng/csm/ws/Highlightsearch.asmx/GetData?LangCode=en&TDD=8&TMM=7&TYYYY=2021
耗时:1 秒
https://ycharts.com/indicators/sp_500_pe_ratio
耗时:2 秒
https://sc.macromicro.me/collections/9/us-market-relative
耗时:3 秒
******************** 数据获取时间： Thu 08 Jul 2021 05:21:04 AM CST ********************
抓取耗时:3 秒
解析计算耗时:8 秒
******************** 数据获取时间： Thu 08 Jul 2021 05:21:04 AM CST ********************
http://www.szse.cn/api/report/index/overview/onepersistenthour/szse
耗时:0 秒
http://www.sse.com.cn
耗时:0 秒
https://m.cmbchina.com/api/rate/getfxratedetail/?name=%E7%BE%8E%E5%85%83
耗时:1 秒
https://www.hkex.com.hk/eng/csm/ws/Highlightsearch.asmx/GetData?LangCode=en&TDD=8&TMM=7&TYYYY=2021
耗时:1 秒
https://ycharts.com/indicators/sp_500_pe_ratio
耗时:2 秒
https://sc.macromicro.me/collections/9/us-market-relative
耗时:2 秒
******************** 数据获取时间： Thu 08 Jul 2021 05:21:20 AM CST ********************
抓取耗时:2 秒
解析计算耗时:5 秒
******************** 数据获取时间： Thu 08 Jul 2021 05:21:20 AM CST ********************
http://www.szse.cn/api/report/index/overview/onepersistenthour/szse
耗时:0 秒
http://www.sse.com.cn
耗时:0 秒
https://m.cmbchina.com/api/rate/getfxratedetail/?name=%E7%BE%8E%E5%85%83
耗时:0 秒
https://www.hkex.com.hk/eng/csm/ws/Highlightsearch.asmx/GetData?LangCode=en&TDD=8&TMM=7&TYYYY=2021
耗时:0 秒
https://ycharts.com/indicators/sp_500_pe_ratio
耗时:1 秒
https://sc.macromicro.me/collections/9/us-market-relative
耗时:2 秒
******************** 数据获取时间： Thu 08 Jul 2021 07:46:20 AM CST ********************
抓取耗时:2 秒
解析计算耗时:5 秒
******************** 数据获取时间： Thu 08 Jul 2021 07:46:20 AM CST ********************
http://www.szse.cn/api/report/index/overview/onepersistenthour/szse
耗时:0 秒
http://www.sse.com.cn
耗时:0 秒
https://m.cmbchina.com/api/rate/getfxratedetail/?name=%E7%BE%8E%E5%85%83
耗时:0 秒
https://www.hkex.com.hk/eng/csm/ws/Highlightsearch.asmx/GetData?LangCode=en&TDD=8&TMM=7&TYYYY=2021
耗时:0 秒
https://ycharts.com/indicators/sp_500_pe_ratio
耗时:2 秒
https://sc.macromicro.me/collections/9/us-market-relative
耗时:2 秒
******************** 数据获取时间： Thu 08 Jul 2021 11:39:01 PM CST ********************
抓取耗时:2 秒
解析计算耗时:4 秒
******************** 数据获取时间： Thu 08 Jul 2021 11:39:01 PM CST ********************
http://www.szse.cn/api/report/index/overview/onepersistenthour/szse
耗时:0 秒
http://www.sse.com.cn
耗时:0 秒
https://m.cmbchina.com/api/rate/getfxratedetail/?name=%E7%BE%8E%E5%85%83
耗时:0 秒
https://www.hkex.com.hk/eng/csm/ws/Highlightsearch.asmx/GetData?LangCode=en&TDD=9&TMM=7&TYYYY=2021
耗时:0 秒
https://ycharts.com/indicators/sp_500_pe_ratio
耗时:2 秒
https://sc.macromicro.me/collections/9/us-market-relative
耗时:2 秒
******************** 数据获取时间： Fri 09 Jul 2021 07:12:00 PM CST ********************
抓取耗时:2 秒
解析计算耗时:5 秒
******************** 数据获取时间： Fri 09 Jul 2021 07:12:00 PM CST ********************
